2026-03-27 19:48:25,420 | INFO | redis_worker | Redis pool created
2026-03-27 19:48:45,459 | ERROR | redis_worker | Failed to create client: Timeout reading from socket
Traceback (most recent call last):
  File "D:\worker\venv\Lib\site-packages\redis\_parsers\socket.py", line 65, in _read_from_socket
    data = sock.recv(socket_read_size)
           ^^^^^^^^^^^^^^^^^^^^^^^^^^^
TimeoutError: timed out

During handling of the above exception, another exception occurred:

Traceback (most recent call last):
  File "D:\worker\repo\queue\worker.py", line 341, in get_client
    self._circuit_breaker.call(self._client.ping)
  File "D:\worker\repo\queue\worker.py", line 226, in call
    raise exc
  File "D:\worker\repo\queue\worker.py", line 221, in call
    result = func(*args, **kwargs)
             ^^^^^^^^^^^^^^^^^^^^^
  File "D:\worker\venv\Lib\site-packages\redis\commands\core.py", line 1250, in ping
    return self.execute_command("PING", **kwargs)
           ^^^^^^^^^^^^^^^^^^^^^^^^^^^^^^^^^^^^^^
  File "D:\worker\venv\Lib\site-packages\redis\client.py", line 716, in execute_command
    return self._execute_command(*args, **options)
           ^^^^^^^^^^^^^^^^^^^^^^^^^^^^^^^^^^^^^^^
  File "D:\worker\venv\Lib\site-packages\redis\client.py", line 722, in _execute_command
    conn = self.connection or pool.get_connection()
                              ^^^^^^^^^^^^^^^^^^^^^
  File "D:\worker\venv\Lib\site-packages\redis\utils.py", line 236, in wrapper
    return func(*args, **kwargs)
           ^^^^^^^^^^^^^^^^^^^^^
  File "D:\worker\venv\Lib\site-packages\redis\connection.py", line 3041, in get_connection
    connection.connect()
  File "D:\worker\venv\Lib\site-packages\redis\connection.py", line 976, in connect
    self.retry.call_with_retry(
  File "D:\worker\venv\Lib\site-packages\redis\retry.py", line 132, in call_with_retry
    raise error
  File "D:\worker\venv\Lib\site-packages\redis\retry.py", line 120, in call_with_retry
    return do()
           ^^^^
  File "D:\worker\venv\Lib\site-packages\redis\connection.py", line 977, in <lambda>
    lambda: self.connect_check_health(
            ^^^^^^^^^^^^^^^^^^^^^^^^^^
  File "D:\worker\venv\Lib\site-packages\redis\connection.py", line 1031, in connect_check_health
    self.on_connect_check_health(check_health=check_health)
  File "D:\worker\venv\Lib\site-packages\redis\connection.py", line 1149, in on_connect_check_health
    self.send_command(
  File "D:\worker\venv\Lib\site-packages\redis\connection.py", line 1305, in send_command
    self.send_packed_command(
  File "D:\worker\venv\Lib\site-packages\redis\connection.py", line 1278, in send_packed_command
    self.check_health()
  File "D:\worker\venv\Lib\site-packages\redis\connection.py", line 1266, in check_health
    self.retry.call_with_retry(
  File "D:\worker\venv\Lib\site-packages\redis\retry.py", line 132, in call_with_retry
    raise error
  File "D:\worker\venv\Lib\site-packages\redis\retry.py", line 120, in call_with_retry
    return do()
           ^^^^
  File "D:\worker\venv\Lib\site-packages\redis\connection.py", line 1253, in _send_ping
    self.send_command("PING", check_health=False)
  File "D:\worker\venv\Lib\site-packages\redis\connection.py", line 1305, in send_command
    self.send_packed_command(
  File "D:\worker\venv\Lib\site-packages\redis\connection.py", line 1275, in send_packed_command
    self.connect_check_health(check_health=False)
  File "D:\worker\venv\Lib\site-packages\redis\connection.py", line 1031, in connect_check_health
    self.on_connect_check_health(check_health=check_health)
  File "D:\worker\venv\Lib\site-packages\redis\connection.py", line 1156, in on_connect_check_health
    self.read_response()
  File "D:\worker\venv\Lib\site-packages\redis\connection.py", line 1342, in read_response
    response = self._parser.read_response(disable_decoding=disable_decoding)
               ^^^^^^^^^^^^^^^^^^^^^^^^^^^^^^^^^^^^^^^^^^^^^^^^^^^^^^^^^^^^^
  File "D:\worker\venv\Lib\site-packages\redis\_parsers\resp2.py", line 15, in read_response
    result = self._read_response(disable_decoding=disable_decoding)
             ^^^^^^^^^^^^^^^^^^^^^^^^^^^^^^^^^^^^^^^^^^^^^^^^^^^^^^
  File "D:\worker\venv\Lib\site-packages\redis\_parsers\resp2.py", line 25, in _read_response
    raw = self._buffer.readline()
          ^^^^^^^^^^^^^^^^^^^^^^^
  File "D:\worker\venv\Lib\site-packages\redis\_parsers\socket.py", line 115, in readline
    self._read_from_socket()
  File "D:\worker\venv\Lib\site-packages\redis\_parsers\socket.py", line 78, in _read_from_socket
    raise TimeoutError("Timeout reading from socket")
redis.exceptions.TimeoutError: Timeout reading from socket
2026-03-27 19:49:53,045 | INFO | redis_worker | Redis pool created
2026-03-27 19:50:13,112 | ERROR | redis_worker | Failed to create client: Timeout reading from socket
Traceback (most recent call last):
  File "D:\worker\venv\Lib\site-packages\redis\_parsers\socket.py", line 65, in _read_from_socket
    data = sock.recv(socket_read_size)
           ^^^^^^^^^^^^^^^^^^^^^^^^^^^
TimeoutError: timed out

During handling of the above exception, another exception occurred:

Traceback (most recent call last):
  File "D:\worker\repo\queue\worker.py", line 341, in get_client
    self._circuit_breaker.call(self._client.ping)
  File "D:\worker\repo\queue\worker.py", line 226, in call
    raise exc
  File "D:\worker\repo\queue\worker.py", line 221, in call
    result = func(*args, **kwargs)
             ^^^^^^^^^^^^^^^^^^^^^
  File "D:\worker\venv\Lib\site-packages\redis\commands\core.py", line 1250, in ping
    return self.execute_command("PING", **kwargs)
           ^^^^^^^^^^^^^^^^^^^^^^^^^^^^^^^^^^^^^^
  File "D:\worker\venv\Lib\site-packages\redis\client.py", line 716, in execute_command
    return self._execute_command(*args, **options)
           ^^^^^^^^^^^^^^^^^^^^^^^^^^^^^^^^^^^^^^^
  File "D:\worker\venv\Lib\site-packages\redis\client.py", line 722, in _execute_command
    conn = self.connection or pool.get_connection()
                              ^^^^^^^^^^^^^^^^^^^^^
  File "D:\worker\venv\Lib\site-packages\redis\utils.py", line 236, in wrapper
    return func(*args, **kwargs)
           ^^^^^^^^^^^^^^^^^^^^^
  File "D:\worker\venv\Lib\site-packages\redis\connection.py", line 3041, in get_connection
    connection.connect()
  File "D:\worker\venv\Lib\site-packages\redis\connection.py", line 976, in connect
    self.retry.call_with_retry(
  File "D:\worker\venv\Lib\site-packages\redis\retry.py", line 132, in call_with_retry
    raise error
  File "D:\worker\venv\Lib\site-packages\redis\retry.py", line 120, in call_with_retry
    return do()
           ^^^^
  File "D:\worker\venv\Lib\site-packages\redis\connection.py", line 977, in <lambda>
    lambda: self.connect_check_health(
            ^^^^^^^^^^^^^^^^^^^^^^^^^^
  File "D:\worker\venv\Lib\site-packages\redis\connection.py", line 1031, in connect_check_health
    self.on_connect_check_health(check_health=check_health)
  File "D:\worker\venv\Lib\site-packages\redis\connection.py", line 1149, in on_connect_check_health
    self.send_command(
  File "D:\worker\venv\Lib\site-packages\redis\connection.py", line 1305, in send_command
    self.send_packed_command(
  File "D:\worker\venv\Lib\site-packages\redis\connection.py", line 1278, in send_packed_command
    self.check_health()
  File "D:\worker\venv\Lib\site-packages\redis\connection.py", line 1266, in check_health
    self.retry.call_with_retry(
  File "D:\worker\venv\Lib\site-packages\redis\retry.py", line 132, in call_with_retry
    raise error
  File "D:\worker\venv\Lib\site-packages\redis\retry.py", line 120, in call_with_retry
    return do()
           ^^^^
  File "D:\worker\venv\Lib\site-packages\redis\connection.py", line 1253, in _send_ping
    self.send_command("PING", check_health=False)
  File "D:\worker\venv\Lib\site-packages\redis\connection.py", line 1305, in send_command
    self.send_packed_command(
  File "D:\worker\venv\Lib\site-packages\redis\connection.py", line 1275, in send_packed_command
    self.connect_check_health(check_health=False)
  File "D:\worker\venv\Lib\site-packages\redis\connection.py", line 1031, in connect_check_health
    self.on_connect_check_health(check_health=check_health)
  File "D:\worker\venv\Lib\site-packages\redis\connection.py", line 1156, in on_connect_check_health
    self.read_response()
  File "D:\worker\venv\Lib\site-packages\redis\connection.py", line 1342, in read_response
    response = self._parser.read_response(disable_decoding=disable_decoding)
               ^^^^^^^^^^^^^^^^^^^^^^^^^^^^^^^^^^^^^^^^^^^^^^^^^^^^^^^^^^^^^
  File "D:\worker\venv\Lib\site-packages\redis\_parsers\resp2.py", line 15, in read_response
    result = self._read_response(disable_decoding=disable_decoding)
             ^^^^^^^^^^^^^^^^^^^^^^^^^^^^^^^^^^^^^^^^^^^^^^^^^^^^^^
  File "D:\worker\venv\Lib\site-packages\redis\_parsers\resp2.py", line 25, in _read_response
    raw = self._buffer.readline()
          ^^^^^^^^^^^^^^^^^^^^^^^
  File "D:\worker\venv\Lib\site-packages\redis\_parsers\socket.py", line 115, in readline
    self._read_from_socket()
  File "D:\worker\venv\Lib\site-packages\redis\_parsers\socket.py", line 78, in _read_from_socket
    raise TimeoutError("Timeout reading from socket")
redis.exceptions.TimeoutError: Timeout reading from socket
2026-03-27 19:50:59,271 | INFO | redis_worker | Redis pool created
2026-03-27 19:50:59,296 | INFO | redis_worker | Redis client created and verified
2026-03-27 19:50:59,296 | INFO | redis_worker | Health check loop started
2026-03-27 19:50:59,296 | INFO | redis_worker | Health checker started
2026-03-27 19:50:59,305 | INFO | redis_worker | Reclaim loop started
2026-03-27 19:50:59,305 | INFO | redis_worker | Message reclaimer started
2026-03-27 19:50:59,308 | INFO | redis_worker | Cleanup loop started
2026-03-27 19:50:59,308 | INFO | redis_worker | Queue cleanup thread started
2026-03-27 19:51:45,130 | INFO | redis_worker | ============================================================
2026-03-27 19:51:45,130 | INFO | redis_worker | SHUTDOWN INITIATED
2026-03-27 19:51:45,130 | INFO | redis_worker | ============================================================
2026-03-27 19:51:45,130 | INFO | redis_worker | Step 1/4: Running custom shutdown handlers...
2026-03-27 19:51:45,133 | INFO | redis_worker | Step 2/4: Stopping background threads...
2026-03-27 19:51:45,133 | INFO | redis_worker | Stopping cleanup thread...
2026-03-27 19:51:45,329 | INFO | redis_worker | Cleanup loop stopped
2026-03-27 19:51:45,330 | INFO | redis_worker | Cleanup thread stopped
2026-03-27 19:51:45,331 | INFO | redis_worker | Stopping message reclaimer...
2026-03-27 19:51:46,329 | INFO | redis_worker | Reclaim loop stopped
2026-03-27 19:51:46,332 | INFO | redis_worker | Reclaimer stopped
2026-03-27 19:51:46,333 | INFO | redis_worker | Stopping health checker...
2026-03-27 19:51:47,326 | INFO | redis_worker | Health check loop stopped
2026-03-27 19:51:47,326 | INFO | redis_worker | Health checker stopped
2026-03-27 19:51:47,328 | INFO | redis_worker | Step 3/4: Waiting for final operations...
2026-03-27 19:51:48,330 | INFO | redis_worker | Step 4/4: Closing Redis connections...
2026-03-27 19:51:48,330 | INFO | redis_worker | Redis client closed
2026-03-27 19:51:48,350 | INFO | redis_worker | Redis pool disconnected
2026-03-27 19:51:48,350 | INFO | redis_worker | ============================================================
2026-03-27 19:51:48,350 | INFO | redis_worker | SHUTDOWN COMPLETE
2026-03-27 19:51:48,350 | INFO | redis_worker | ============================================================
2026-03-27 19:51:50,339 | INFO | app | app started
2026-03-27 19:51:50,351 | INFO | redis_worker | Redis pool created
2026-03-27 19:51:50,393 | INFO | redis_worker | Redis client created and verified
2026-03-27 19:51:50,393 | INFO | redis_worker | Health check loop started
2026-03-27 19:51:50,393 | INFO | redis_worker | Health checker started
2026-03-27 19:51:50,396 | INFO | redis_worker | Reclaim loop started
2026-03-27 19:51:50,396 | INFO | redis_worker | Message reclaimer started
2026-03-27 19:51:50,396 | INFO | redis_worker | Cleanup loop started
2026-03-27 19:51:50,396 | INFO | redis_worker | Queue cleanup thread started
2026-03-27 19:52:04,948 | INFO | redis_worker | ============================================================
2026-03-27 19:52:04,948 | INFO | redis_worker | SHUTDOWN INITIATED
2026-03-27 19:52:04,948 | INFO | redis_worker | ============================================================
2026-03-27 19:52:04,950 | INFO | redis_worker | Step 1/4: Running custom shutdown handlers...
2026-03-27 19:52:04,950 | INFO | redis_worker | Step 2/4: Stopping background threads...
2026-03-27 19:52:04,950 | INFO | redis_worker | Stopping cleanup thread...
2026-03-27 19:52:05,404 | INFO | redis_worker | Cleanup loop stopped
2026-03-27 19:52:05,405 | INFO | redis_worker | Cleanup thread stopped
2026-03-27 19:52:05,406 | INFO | redis_worker | Stopping message reclaimer...
2026-03-27 19:52:06,403 | INFO | redis_worker | Reclaim loop stopped
2026-03-27 19:52:06,403 | INFO | redis_worker | Reclaimer stopped
2026-03-27 19:52:06,403 | INFO | redis_worker | Stopping health checker...
2026-03-27 19:52:07,404 | INFO | redis_worker | Health check loop stopped
2026-03-27 19:52:07,405 | INFO | redis_worker | Health checker stopped
2026-03-27 19:52:07,405 | INFO | redis_worker | Step 3/4: Waiting for final operations...
2026-03-27 19:52:08,409 | INFO | redis_worker | Step 4/4: Closing Redis connections...
2026-03-27 19:52:08,410 | INFO | redis_worker | Redis client closed
2026-03-27 19:52:08,410 | INFO | redis_worker | Redis pool disconnected
2026-03-27 19:52:08,416 | INFO | redis_worker | ============================================================
2026-03-27 19:52:08,416 | INFO | redis_worker | SHUTDOWN COMPLETE
2026-03-27 19:52:08,416 | INFO | redis_worker | ============================================================
2026-03-27 19:52:10,303 | INFO | app | app started
2026-03-27 19:52:10,317 | INFO | redis_worker | Redis pool created
2026-03-27 19:52:30,377 | ERROR | redis_worker | Failed to create client: Timeout reading from socket
Traceback (most recent call last):
  File "D:\worker\venv\Lib\site-packages\redis\_parsers\socket.py", line 65, in _read_from_socket
    data = sock.recv(socket_read_size)
           ^^^^^^^^^^^^^^^^^^^^^^^^^^^
TimeoutError: timed out

During handling of the above exception, another exception occurred:

Traceback (most recent call last):
  File "D:\worker\repo\queue\worker.py", line 341, in get_client
    self._circuit_breaker.call(self._client.ping)
  File "D:\worker\repo\queue\worker.py", line 226, in call
    raise exc
  File "D:\worker\repo\queue\worker.py", line 221, in call
    result = func(*args, **kwargs)
             ^^^^^^^^^^^^^^^^^^^^^
  File "D:\worker\venv\Lib\site-packages\redis\commands\core.py", line 1250, in ping
    return self.execute_command("PING", **kwargs)
           ^^^^^^^^^^^^^^^^^^^^^^^^^^^^^^^^^^^^^^
  File "D:\worker\venv\Lib\site-packages\redis\client.py", line 716, in execute_command
    return self._execute_command(*args, **options)
           ^^^^^^^^^^^^^^^^^^^^^^^^^^^^^^^^^^^^^^^
  File "D:\worker\venv\Lib\site-packages\redis\client.py", line 722, in _execute_command
    conn = self.connection or pool.get_connection()
                              ^^^^^^^^^^^^^^^^^^^^^
  File "D:\worker\venv\Lib\site-packages\redis\utils.py", line 236, in wrapper
    return func(*args, **kwargs)
           ^^^^^^^^^^^^^^^^^^^^^
  File "D:\worker\venv\Lib\site-packages\redis\connection.py", line 3041, in get_connection
    connection.connect()
  File "D:\worker\venv\Lib\site-packages\redis\connection.py", line 976, in connect
    self.retry.call_with_retry(
  File "D:\worker\venv\Lib\site-packages\redis\retry.py", line 132, in call_with_retry
    raise error
  File "D:\worker\venv\Lib\site-packages\redis\retry.py", line 120, in call_with_retry
    return do()
           ^^^^
  File "D:\worker\venv\Lib\site-packages\redis\connection.py", line 977, in <lambda>
    lambda: self.connect_check_health(
            ^^^^^^^^^^^^^^^^^^^^^^^^^^
  File "D:\worker\venv\Lib\site-packages\redis\connection.py", line 1031, in connect_check_health
    self.on_connect_check_health(check_health=check_health)
  File "D:\worker\venv\Lib\site-packages\redis\connection.py", line 1149, in on_connect_check_health
    self.send_command(
  File "D:\worker\venv\Lib\site-packages\redis\connection.py", line 1305, in send_command
    self.send_packed_command(
  File "D:\worker\venv\Lib\site-packages\redis\connection.py", line 1278, in send_packed_command
    self.check_health()
  File "D:\worker\venv\Lib\site-packages\redis\connection.py", line 1266, in check_health
    self.retry.call_with_retry(
  File "D:\worker\venv\Lib\site-packages\redis\retry.py", line 132, in call_with_retry
    raise error
  File "D:\worker\venv\Lib\site-packages\redis\retry.py", line 120, in call_with_retry
    return do()
           ^^^^
  File "D:\worker\venv\Lib\site-packages\redis\connection.py", line 1253, in _send_ping
    self.send_command("PING", check_health=False)
  File "D:\worker\venv\Lib\site-packages\redis\connection.py", line 1305, in send_command
    self.send_packed_command(
  File "D:\worker\venv\Lib\site-packages\redis\connection.py", line 1275, in send_packed_command
    self.connect_check_health(check_health=False)
  File "D:\worker\venv\Lib\site-packages\redis\connection.py", line 1031, in connect_check_health
    self.on_connect_check_health(check_health=check_health)
  File "D:\worker\venv\Lib\site-packages\redis\connection.py", line 1156, in on_connect_check_health
    self.read_response()
  File "D:\worker\venv\Lib\site-packages\redis\connection.py", line 1342, in read_response
    response = self._parser.read_response(disable_decoding=disable_decoding)
               ^^^^^^^^^^^^^^^^^^^^^^^^^^^^^^^^^^^^^^^^^^^^^^^^^^^^^^^^^^^^^
  File "D:\worker\venv\Lib\site-packages\redis\_parsers\resp2.py", line 15, in read_response
    result = self._read_response(disable_decoding=disable_decoding)
             ^^^^^^^^^^^^^^^^^^^^^^^^^^^^^^^^^^^^^^^^^^^^^^^^^^^^^^
  File "D:\worker\venv\Lib\site-packages\redis\_parsers\resp2.py", line 25, in _read_response
    raw = self._buffer.readline()
          ^^^^^^^^^^^^^^^^^^^^^^^
  File "D:\worker\venv\Lib\site-packages\redis\_parsers\socket.py", line 115, in readline
    self._read_from_socket()
  File "D:\worker\venv\Lib\site-packages\redis\_parsers\socket.py", line 78, in _read_from_socket
    raise TimeoutError("Timeout reading from socket")
redis.exceptions.TimeoutError: Timeout reading from socket
2026-03-27 19:53:34,909 | INFO | app | app started
2026-03-27 19:53:34,919 | INFO | redis_worker | Redis pool created
2026-03-27 19:53:54,967 | ERROR | redis_worker | Failed to create client: Timeout reading from socket
Traceback (most recent call last):
  File "D:\worker\venv\Lib\site-packages\redis\_parsers\socket.py", line 65, in _read_from_socket
    data = sock.recv(socket_read_size)
           ^^^^^^^^^^^^^^^^^^^^^^^^^^^
TimeoutError: timed out

During handling of the above exception, another exception occurred:

Traceback (most recent call last):
  File "D:\worker\repo\queue\worker.py", line 341, in get_client
    self._circuit_breaker.call(self._client.ping)
  File "D:\worker\repo\queue\worker.py", line 226, in call
    raise exc
  File "D:\worker\repo\queue\worker.py", line 221, in call
    result = func(*args, **kwargs)
             ^^^^^^^^^^^^^^^^^^^^^
  File "D:\worker\venv\Lib\site-packages\redis\commands\core.py", line 1250, in ping
    return self.execute_command("PING", **kwargs)
           ^^^^^^^^^^^^^^^^^^^^^^^^^^^^^^^^^^^^^^
  File "D:\worker\venv\Lib\site-packages\redis\client.py", line 716, in execute_command
    return self._execute_command(*args, **options)
           ^^^^^^^^^^^^^^^^^^^^^^^^^^^^^^^^^^^^^^^
  File "D:\worker\venv\Lib\site-packages\redis\client.py", line 722, in _execute_command
    conn = self.connection or pool.get_connection()
                              ^^^^^^^^^^^^^^^^^^^^^
  File "D:\worker\venv\Lib\site-packages\redis\utils.py", line 236, in wrapper
    return func(*args, **kwargs)
           ^^^^^^^^^^^^^^^^^^^^^
  File "D:\worker\venv\Lib\site-packages\redis\connection.py", line 3041, in get_connection
    connection.connect()
  File "D:\worker\venv\Lib\site-packages\redis\connection.py", line 976, in connect
    self.retry.call_with_retry(
  File "D:\worker\venv\Lib\site-packages\redis\retry.py", line 132, in call_with_retry
    raise error
  File "D:\worker\venv\Lib\site-packages\redis\retry.py", line 120, in call_with_retry
    return do()
           ^^^^
  File "D:\worker\venv\Lib\site-packages\redis\connection.py", line 977, in <lambda>
    lambda: self.connect_check_health(
            ^^^^^^^^^^^^^^^^^^^^^^^^^^
  File "D:\worker\venv\Lib\site-packages\redis\connection.py", line 1031, in connect_check_health
    self.on_connect_check_health(check_health=check_health)
  File "D:\worker\venv\Lib\site-packages\redis\connection.py", line 1149, in on_connect_check_health
    self.send_command(
  File "D:\worker\venv\Lib\site-packages\redis\connection.py", line 1305, in send_command
    self.send_packed_command(
  File "D:\worker\venv\Lib\site-packages\redis\connection.py", line 1278, in send_packed_command
    self.check_health()
  File "D:\worker\venv\Lib\site-packages\redis\connection.py", line 1266, in check_health
    self.retry.call_with_retry(
  File "D:\worker\venv\Lib\site-packages\redis\retry.py", line 132, in call_with_retry
    raise error
  File "D:\worker\venv\Lib\site-packages\redis\retry.py", line 120, in call_with_retry
    return do()
           ^^^^
  File "D:\worker\venv\Lib\site-packages\redis\connection.py", line 1253, in _send_ping
    self.send_command("PING", check_health=False)
  File "D:\worker\venv\Lib\site-packages\redis\connection.py", line 1305, in send_command
    self.send_packed_command(
  File "D:\worker\venv\Lib\site-packages\redis\connection.py", line 1275, in send_packed_command
    self.connect_check_health(check_health=False)
  File "D:\worker\venv\Lib\site-packages\redis\connection.py", line 1031, in connect_check_health
    self.on_connect_check_health(check_health=check_health)
  File "D:\worker\venv\Lib\site-packages\redis\connection.py", line 1156, in on_connect_check_health
    self.read_response()
  File "D:\worker\venv\Lib\site-packages\redis\connection.py", line 1342, in read_response
    response = self._parser.read_response(disable_decoding=disable_decoding)
               ^^^^^^^^^^^^^^^^^^^^^^^^^^^^^^^^^^^^^^^^^^^^^^^^^^^^^^^^^^^^^
  File "D:\worker\venv\Lib\site-packages\redis\_parsers\resp2.py", line 15, in read_response
    result = self._read_response(disable_decoding=disable_decoding)
             ^^^^^^^^^^^^^^^^^^^^^^^^^^^^^^^^^^^^^^^^^^^^^^^^^^^^^^
  File "D:\worker\venv\Lib\site-packages\redis\_parsers\resp2.py", line 25, in _read_response
    raw = self._buffer.readline()
          ^^^^^^^^^^^^^^^^^^^^^^^
  File "D:\worker\venv\Lib\site-packages\redis\_parsers\socket.py", line 115, in readline
    self._read_from_socket()
  File "D:\worker\venv\Lib\site-packages\redis\_parsers\socket.py", line 78, in _read_from_socket
    raise TimeoutError("Timeout reading from socket")
redis.exceptions.TimeoutError: Timeout reading from socket
2026-03-27 20:00:36,364 | INFO | app | app started
2026-03-27 20:00:36,380 | INFO | redis_worker | Redis pool created
2026-03-27 20:00:56,431 | ERROR | redis_worker | Failed to create client: Timeout reading from socket
Traceback (most recent call last):
  File "D:\worker\venv\Lib\site-packages\redis\_parsers\socket.py", line 65, in _read_from_socket
    data = sock.recv(socket_read_size)
           ^^^^^^^^^^^^^^^^^^^^^^^^^^^
TimeoutError: timed out

During handling of the above exception, another exception occurred:

Traceback (most recent call last):
  File "D:\worker\repo\queue\worker.py", line 341, in get_client
    self._circuit_breaker.call(self._client.ping)
  File "D:\worker\repo\queue\worker.py", line 226, in call
    raise exc
  File "D:\worker\repo\queue\worker.py", line 221, in call
    result = func(*args, **kwargs)
             ^^^^^^^^^^^^^^^^^^^^^
  File "D:\worker\venv\Lib\site-packages\redis\commands\core.py", line 1250, in ping
    return self.execute_command("PING", **kwargs)
           ^^^^^^^^^^^^^^^^^^^^^^^^^^^^^^^^^^^^^^
  File "D:\worker\venv\Lib\site-packages\redis\client.py", line 716, in execute_command
    return self._execute_command(*args, **options)
           ^^^^^^^^^^^^^^^^^^^^^^^^^^^^^^^^^^^^^^^
  File "D:\worker\venv\Lib\site-packages\redis\client.py", line 722, in _execute_command
    conn = self.connection or pool.get_connection()
                              ^^^^^^^^^^^^^^^^^^^^^
  File "D:\worker\venv\Lib\site-packages\redis\utils.py", line 236, in wrapper
    return func(*args, **kwargs)
           ^^^^^^^^^^^^^^^^^^^^^
  File "D:\worker\venv\Lib\site-packages\redis\connection.py", line 3041, in get_connection
    connection.connect()
  File "D:\worker\venv\Lib\site-packages\redis\connection.py", line 976, in connect
    self.retry.call_with_retry(
  File "D:\worker\venv\Lib\site-packages\redis\retry.py", line 132, in call_with_retry
    raise error
  File "D:\worker\venv\Lib\site-packages\redis\retry.py", line 120, in call_with_retry
    return do()
           ^^^^
  File "D:\worker\venv\Lib\site-packages\redis\connection.py", line 977, in <lambda>
    lambda: self.connect_check_health(
            ^^^^^^^^^^^^^^^^^^^^^^^^^^
  File "D:\worker\venv\Lib\site-packages\redis\connection.py", line 1031, in connect_check_health
    self.on_connect_check_health(check_health=check_health)
  File "D:\worker\venv\Lib\site-packages\redis\connection.py", line 1149, in on_connect_check_health
    self.send_command(
  File "D:\worker\venv\Lib\site-packages\redis\connection.py", line 1305, in send_command
    self.send_packed_command(
  File "D:\worker\venv\Lib\site-packages\redis\connection.py", line 1278, in send_packed_command
    self.check_health()
  File "D:\worker\venv\Lib\site-packages\redis\connection.py", line 1266, in check_health
    self.retry.call_with_retry(
  File "D:\worker\venv\Lib\site-packages\redis\retry.py", line 132, in call_with_retry
    raise error
  File "D:\worker\venv\Lib\site-packages\redis\retry.py", line 120, in call_with_retry
    return do()
           ^^^^
  File "D:\worker\venv\Lib\site-packages\redis\connection.py", line 1253, in _send_ping
    self.send_command("PING", check_health=False)
  File "D:\worker\venv\Lib\site-packages\redis\connection.py", line 1305, in send_command
    self.send_packed_command(
  File "D:\worker\venv\Lib\site-packages\redis\connection.py", line 1275, in send_packed_command
    self.connect_check_health(check_health=False)
  File "D:\worker\venv\Lib\site-packages\redis\connection.py", line 1031, in connect_check_health
    self.on_connect_check_health(check_health=check_health)
  File "D:\worker\venv\Lib\site-packages\redis\connection.py", line 1156, in on_connect_check_health
    self.read_response()
  File "D:\worker\venv\Lib\site-packages\redis\connection.py", line 1342, in read_response
    response = self._parser.read_response(disable_decoding=disable_decoding)
               ^^^^^^^^^^^^^^^^^^^^^^^^^^^^^^^^^^^^^^^^^^^^^^^^^^^^^^^^^^^^^
  File "D:\worker\venv\Lib\site-packages\redis\_parsers\resp2.py", line 15, in read_response
    result = self._read_response(disable_decoding=disable_decoding)
             ^^^^^^^^^^^^^^^^^^^^^^^^^^^^^^^^^^^^^^^^^^^^^^^^^^^^^^
  File "D:\worker\venv\Lib\site-packages\redis\_parsers\resp2.py", line 25, in _read_response
    raw = self._buffer.readline()
          ^^^^^^^^^^^^^^^^^^^^^^^
  File "D:\worker\venv\Lib\site-packages\redis\_parsers\socket.py", line 115, in readline
    self._read_from_socket()
  File "D:\worker\venv\Lib\site-packages\redis\_parsers\socket.py", line 78, in _read_from_socket
    raise TimeoutError("Timeout reading from socket")
redis.exceptions.TimeoutError: Timeout reading from socket
2026-03-27 20:02:33,292 | INFO | redis_worker | Redis pool created
2026-03-27 20:02:53,362 | ERROR | redis_worker | Failed to create client: Timeout reading from socket
Traceback (most recent call last):
  File "D:\worker\venv\Lib\site-packages\redis\_parsers\socket.py", line 65, in _read_from_socket
    data = sock.recv(socket_read_size)
           ^^^^^^^^^^^^^^^^^^^^^^^^^^^
TimeoutError: timed out

During handling of the above exception, another exception occurred:

Traceback (most recent call last):
  File "D:\worker\repo\queue\worker.py", line 341, in get_client
    self._circuit_breaker.call(self._client.ping)
  File "D:\worker\repo\queue\worker.py", line 226, in call
    raise exc
  File "D:\worker\repo\queue\worker.py", line 221, in call
    result = func(*args, **kwargs)
             ^^^^^^^^^^^^^^^^^^^^^
  File "D:\worker\venv\Lib\site-packages\redis\commands\core.py", line 1250, in ping
    return self.execute_command("PING", **kwargs)
           ^^^^^^^^^^^^^^^^^^^^^^^^^^^^^^^^^^^^^^
  File "D:\worker\venv\Lib\site-packages\redis\client.py", line 716, in execute_command
    return self._execute_command(*args, **options)
           ^^^^^^^^^^^^^^^^^^^^^^^^^^^^^^^^^^^^^^^
  File "D:\worker\venv\Lib\site-packages\redis\client.py", line 722, in _execute_command
    conn = self.connection or pool.get_connection()
                              ^^^^^^^^^^^^^^^^^^^^^
  File "D:\worker\venv\Lib\site-packages\redis\utils.py", line 236, in wrapper
    return func(*args, **kwargs)
           ^^^^^^^^^^^^^^^^^^^^^
  File "D:\worker\venv\Lib\site-packages\redis\connection.py", line 3041, in get_connection
    connection.connect()
  File "D:\worker\venv\Lib\site-packages\redis\connection.py", line 976, in connect
    self.retry.call_with_retry(
  File "D:\worker\venv\Lib\site-packages\redis\retry.py", line 132, in call_with_retry
    raise error
  File "D:\worker\venv\Lib\site-packages\redis\retry.py", line 120, in call_with_retry
    return do()
           ^^^^
  File "D:\worker\venv\Lib\site-packages\redis\connection.py", line 977, in <lambda>
    lambda: self.connect_check_health(
            ^^^^^^^^^^^^^^^^^^^^^^^^^^
  File "D:\worker\venv\Lib\site-packages\redis\connection.py", line 1031, in connect_check_health
    self.on_connect_check_health(check_health=check_health)
  File "D:\worker\venv\Lib\site-packages\redis\connection.py", line 1149, in on_connect_check_health
    self.send_command(
  File "D:\worker\venv\Lib\site-packages\redis\connection.py", line 1305, in send_command
    self.send_packed_command(
  File "D:\worker\venv\Lib\site-packages\redis\connection.py", line 1278, in send_packed_command
    self.check_health()
  File "D:\worker\venv\Lib\site-packages\redis\connection.py", line 1266, in check_health
    self.retry.call_with_retry(
  File "D:\worker\venv\Lib\site-packages\redis\retry.py", line 132, in call_with_retry
    raise error
  File "D:\worker\venv\Lib\site-packages\redis\retry.py", line 120, in call_with_retry
    return do()
           ^^^^
  File "D:\worker\venv\Lib\site-packages\redis\connection.py", line 1253, in _send_ping
    self.send_command("PING", check_health=False)
  File "D:\worker\venv\Lib\site-packages\redis\connection.py", line 1305, in send_command
    self.send_packed_command(
  File "D:\worker\venv\Lib\site-packages\redis\connection.py", line 1275, in send_packed_command
    self.connect_check_health(check_health=False)
  File "D:\worker\venv\Lib\site-packages\redis\connection.py", line 1031, in connect_check_health
    self.on_connect_check_health(check_health=check_health)
  File "D:\worker\venv\Lib\site-packages\redis\connection.py", line 1156, in on_connect_check_health
    self.read_response()
  File "D:\worker\venv\Lib\site-packages\redis\connection.py", line 1342, in read_response
    response = self._parser.read_response(disable_decoding=disable_decoding)
               ^^^^^^^^^^^^^^^^^^^^^^^^^^^^^^^^^^^^^^^^^^^^^^^^^^^^^^^^^^^^^
  File "D:\worker\venv\Lib\site-packages\redis\_parsers\resp2.py", line 15, in read_response
    result = self._read_response(disable_decoding=disable_decoding)
             ^^^^^^^^^^^^^^^^^^^^^^^^^^^^^^^^^^^^^^^^^^^^^^^^^^^^^^
  File "D:\worker\venv\Lib\site-packages\redis\_parsers\resp2.py", line 25, in _read_response
    raw = self._buffer.readline()
          ^^^^^^^^^^^^^^^^^^^^^^^
  File "D:\worker\venv\Lib\site-packages\redis\_parsers\socket.py", line 115, in readline
    self._read_from_socket()
  File "D:\worker\venv\Lib\site-packages\redis\_parsers\socket.py", line 78, in _read_from_socket
    raise TimeoutError("Timeout reading from socket")
redis.exceptions.TimeoutError: Timeout reading from socket
2026-03-27 20:03:43,611 | INFO | redis_worker | Redis pool created
2026-03-27 20:04:03,642 | ERROR | redis_worker | Failed to create client: Timeout reading from socket
Traceback (most recent call last):
  File "D:\worker\venv\Lib\site-packages\redis\_parsers\socket.py", line 65, in _read_from_socket
    data = sock.recv(socket_read_size)
           ^^^^^^^^^^^^^^^^^^^^^^^^^^^
TimeoutError: timed out

During handling of the above exception, another exception occurred:

Traceback (most recent call last):
  File "D:\worker\repo\queue\worker.py", line 341, in get_client
    self._circuit_breaker.call(self._client.ping)
  File "D:\worker\repo\queue\worker.py", line 226, in call
    raise exc
  File "D:\worker\repo\queue\worker.py", line 221, in call
    result = func(*args, **kwargs)
             ^^^^^^^^^^^^^^^^^^^^^
  File "D:\worker\venv\Lib\site-packages\redis\commands\core.py", line 1250, in ping
    return self.execute_command("PING", **kwargs)
           ^^^^^^^^^^^^^^^^^^^^^^^^^^^^^^^^^^^^^^
  File "D:\worker\venv\Lib\site-packages\redis\client.py", line 716, in execute_command
    return self._execute_command(*args, **options)
           ^^^^^^^^^^^^^^^^^^^^^^^^^^^^^^^^^^^^^^^
  File "D:\worker\venv\Lib\site-packages\redis\client.py", line 722, in _execute_command
    conn = self.connection or pool.get_connection()
                              ^^^^^^^^^^^^^^^^^^^^^
  File "D:\worker\venv\Lib\site-packages\redis\utils.py", line 236, in wrapper
    return func(*args, **kwargs)
           ^^^^^^^^^^^^^^^^^^^^^
  File "D:\worker\venv\Lib\site-packages\redis\connection.py", line 3041, in get_connection
    connection.connect()
  File "D:\worker\venv\Lib\site-packages\redis\connection.py", line 976, in connect
    self.retry.call_with_retry(
  File "D:\worker\venv\Lib\site-packages\redis\retry.py", line 132, in call_with_retry
    raise error
  File "D:\worker\venv\Lib\site-packages\redis\retry.py", line 120, in call_with_retry
    return do()
           ^^^^
  File "D:\worker\venv\Lib\site-packages\redis\connection.py", line 977, in <lambda>
    lambda: self.connect_check_health(
            ^^^^^^^^^^^^^^^^^^^^^^^^^^
  File "D:\worker\venv\Lib\site-packages\redis\connection.py", line 1031, in connect_check_health
    self.on_connect_check_health(check_health=check_health)
  File "D:\worker\venv\Lib\site-packages\redis\connection.py", line 1149, in on_connect_check_health
    self.send_command(
  File "D:\worker\venv\Lib\site-packages\redis\connection.py", line 1305, in send_command
    self.send_packed_command(
  File "D:\worker\venv\Lib\site-packages\redis\connection.py", line 1278, in send_packed_command
    self.check_health()
  File "D:\worker\venv\Lib\site-packages\redis\connection.py", line 1266, in check_health
    self.retry.call_with_retry(
  File "D:\worker\venv\Lib\site-packages\redis\retry.py", line 132, in call_with_retry
    raise error
  File "D:\worker\venv\Lib\site-packages\redis\retry.py", line 120, in call_with_retry
    return do()
           ^^^^
  File "D:\worker\venv\Lib\site-packages\redis\connection.py", line 1253, in _send_ping
    self.send_command("PING", check_health=False)
  File "D:\worker\venv\Lib\site-packages\redis\connection.py", line 1305, in send_command
    self.send_packed_command(
  File "D:\worker\venv\Lib\site-packages\redis\connection.py", line 1275, in send_packed_command
    self.connect_check_health(check_health=False)
  File "D:\worker\venv\Lib\site-packages\redis\connection.py", line 1031, in connect_check_health
    self.on_connect_check_health(check_health=check_health)
  File "D:\worker\venv\Lib\site-packages\redis\connection.py", line 1156, in on_connect_check_health
    self.read_response()
  File "D:\worker\venv\Lib\site-packages\redis\connection.py", line 1342, in read_response
    response = self._parser.read_response(disable_decoding=disable_decoding)
               ^^^^^^^^^^^^^^^^^^^^^^^^^^^^^^^^^^^^^^^^^^^^^^^^^^^^^^^^^^^^^
  File "D:\worker\venv\Lib\site-packages\redis\_parsers\resp2.py", line 15, in read_response
    result = self._read_response(disable_decoding=disable_decoding)
             ^^^^^^^^^^^^^^^^^^^^^^^^^^^^^^^^^^^^^^^^^^^^^^^^^^^^^^
  File "D:\worker\venv\Lib\site-packages\redis\_parsers\resp2.py", line 25, in _read_response
    raw = self._buffer.readline()
          ^^^^^^^^^^^^^^^^^^^^^^^
  File "D:\worker\venv\Lib\site-packages\redis\_parsers\socket.py", line 115, in readline
    self._read_from_socket()
  File "D:\worker\venv\Lib\site-packages\redis\_parsers\socket.py", line 78, in _read_from_socket
    raise TimeoutError("Timeout reading from socket")
redis.exceptions.TimeoutError: Timeout reading from socket
2026-03-27 20:06:05,714 | INFO | redis_worker | Redis pool created
2026-03-27 20:06:25,749 | ERROR | redis_worker | Failed to create client: Timeout reading from socket
Traceback (most recent call last):
  File "D:\worker\venv\Lib\site-packages\redis\_parsers\socket.py", line 65, in _read_from_socket
    data = sock.recv(socket_read_size)
           ^^^^^^^^^^^^^^^^^^^^^^^^^^^
TimeoutError: timed out

During handling of the above exception, another exception occurred:

Traceback (most recent call last):
  File "D:\worker\repo\queue\worker.py", line 341, in get_client
    self._circuit_breaker.call(self._client.ping)
  File "D:\worker\repo\queue\worker.py", line 226, in call
    raise exc
  File "D:\worker\repo\queue\worker.py", line 221, in call
    result = func(*args, **kwargs)
             ^^^^^^^^^^^^^^^^^^^^^
  File "D:\worker\venv\Lib\site-packages\redis\commands\core.py", line 1250, in ping
    return self.execute_command("PING", **kwargs)
           ^^^^^^^^^^^^^^^^^^^^^^^^^^^^^^^^^^^^^^
  File "D:\worker\venv\Lib\site-packages\redis\client.py", line 716, in execute_command
    return self._execute_command(*args, **options)
           ^^^^^^^^^^^^^^^^^^^^^^^^^^^^^^^^^^^^^^^
  File "D:\worker\venv\Lib\site-packages\redis\client.py", line 722, in _execute_command
    conn = self.connection or pool.get_connection()
                              ^^^^^^^^^^^^^^^^^^^^^
  File "D:\worker\venv\Lib\site-packages\redis\utils.py", line 236, in wrapper
    return func(*args, **kwargs)
           ^^^^^^^^^^^^^^^^^^^^^
  File "D:\worker\venv\Lib\site-packages\redis\connection.py", line 3041, in get_connection
    connection.connect()
  File "D:\worker\venv\Lib\site-packages\redis\connection.py", line 976, in connect
    self.retry.call_with_retry(
  File "D:\worker\venv\Lib\site-packages\redis\retry.py", line 132, in call_with_retry
    raise error
  File "D:\worker\venv\Lib\site-packages\redis\retry.py", line 120, in call_with_retry
    return do()
           ^^^^
  File "D:\worker\venv\Lib\site-packages\redis\connection.py", line 977, in <lambda>
    lambda: self.connect_check_health(
            ^^^^^^^^^^^^^^^^^^^^^^^^^^
  File "D:\worker\venv\Lib\site-packages\redis\connection.py", line 1031, in connect_check_health
    self.on_connect_check_health(check_health=check_health)
  File "D:\worker\venv\Lib\site-packages\redis\connection.py", line 1149, in on_connect_check_health
    self.send_command(
  File "D:\worker\venv\Lib\site-packages\redis\connection.py", line 1305, in send_command
    self.send_packed_command(
  File "D:\worker\venv\Lib\site-packages\redis\connection.py", line 1278, in send_packed_command
    self.check_health()
  File "D:\worker\venv\Lib\site-packages\redis\connection.py", line 1266, in check_health
    self.retry.call_with_retry(
  File "D:\worker\venv\Lib\site-packages\redis\retry.py", line 132, in call_with_retry
    raise error
  File "D:\worker\venv\Lib\site-packages\redis\retry.py", line 120, in call_with_retry
    return do()
           ^^^^
  File "D:\worker\venv\Lib\site-packages\redis\connection.py", line 1253, in _send_ping
    self.send_command("PING", check_health=False)
  File "D:\worker\venv\Lib\site-packages\redis\connection.py", line 1305, in send_command
    self.send_packed_command(
  File "D:\worker\venv\Lib\site-packages\redis\connection.py", line 1275, in send_packed_command
    self.connect_check_health(check_health=False)
  File "D:\worker\venv\Lib\site-packages\redis\connection.py", line 1031, in connect_check_health
    self.on_connect_check_health(check_health=check_health)
  File "D:\worker\venv\Lib\site-packages\redis\connection.py", line 1156, in on_connect_check_health
    self.read_response()
  File "D:\worker\venv\Lib\site-packages\redis\connection.py", line 1342, in read_response
    response = self._parser.read_response(disable_decoding=disable_decoding)
               ^^^^^^^^^^^^^^^^^^^^^^^^^^^^^^^^^^^^^^^^^^^^^^^^^^^^^^^^^^^^^
  File "D:\worker\venv\Lib\site-packages\redis\_parsers\resp2.py", line 15, in read_response
    result = self._read_response(disable_decoding=disable_decoding)
             ^^^^^^^^^^^^^^^^^^^^^^^^^^^^^^^^^^^^^^^^^^^^^^^^^^^^^^
  File "D:\worker\venv\Lib\site-packages\redis\_parsers\resp2.py", line 25, in _read_response
    raw = self._buffer.readline()
          ^^^^^^^^^^^^^^^^^^^^^^^
  File "D:\worker\venv\Lib\site-packages\redis\_parsers\socket.py", line 115, in readline
    self._read_from_socket()
  File "D:\worker\venv\Lib\site-packages\redis\_parsers\socket.py", line 78, in _read_from_socket
    raise TimeoutError("Timeout reading from socket")
redis.exceptions.TimeoutError: Timeout reading from socket
2026-03-27 20:11:20,802 | INFO | redis_worker | Redis pool created
2026-03-27 20:11:28,918 | ERROR | redis_worker | Unable to connect to Redis at redis://localhost:6379/0. Please check that Redis is running and the connection settings are correct.
2026-03-27 20:11:28,918 | CRITICAL | app | Startup failed: Unable to connect to Redis at redis://localhost:6379/0. Please check that Redis is running and the connection settings are correct.
2026-03-27 20:14:10,385 | INFO | redis_worker | Redis pool created
2026-03-27 20:14:18,560 | ERROR | redis_worker | Unable to connect to Redis at redis://localhost:6379/0. Please check that Redis is running and the connection settings are correct.
2026-03-27 20:14:47,494 | INFO | redis_worker | Redis pool created
2026-03-27 20:14:55,620 | ERROR | redis_worker | Unable to connect to Redis at redis://localhost:6379/0. Please check that Redis is running and the connection settings are correct.
2026-03-27 20:15:08,949 | INFO | redis_worker | Redis pool created
2026-03-27 20:15:17,091 | ERROR | redis_worker | Unable to connect to Redis at redis://localhost:6379/0. Please check that Redis is running and the connection settings are correct.
2026-03-27 20:15:17,096 | ERROR | app | uvicorn.error
2026-03-27 20:16:09,192 | INFO | redis_worker | Redis pool created
2026-03-27 20:16:17,345 | ERROR | redis_worker | Unable to connect to Redis at redis://localhost:6379/0. Please check that Redis is running and the connection settings are correct.
2026-03-27 20:16:50,657 | INFO | redis_worker | Redis pool created
2026-03-27 20:16:58,775 | ERROR | redis_worker | Unable to connect to Redis at redis://localhost:6379/0. Please check that Redis is running and the connection settings are correct.
2026-03-27 20:16:58,775 | ERROR | app | no redis founded
2026-03-27 20:17:13,429 | INFO | redis_worker | Redis pool created
2026-03-27 20:17:21,580 | ERROR | redis_worker | Unable to connect to Redis at redis://localhost:6379/0. Please check that Redis is running and the connection settings are correct.
2026-03-27 20:17:21,580 | ERROR | app | no redis founded
